2025-08-20T09:40:03.340+03:00  INFO 20556 --- [venusApis] [main] c.n.venusApis.VenusApisApplication       : Starting VenusApisApplication using Java 17.0.9 with PID 20556 (D:\Projects\VenusSmsService\venusApis\build\classes\java\main started by hp in D:\Projects\VenusSmsService\venusApis)
2025-08-20T09:40:03.346+03:00  INFO 20556 --- [venusApis] [main] c.n.venusApis.VenusApisApplication       : No active profile set, falling back to 1 default profile: "default"
2025-08-20T09:40:04.151+03:00  INFO 20556 --- [venusApis] [main] ptablePropertiesBeanFactoryPostProcessor : Post-processing PropertySource instances
2025-08-20T09:40:04.152+03:00  INFO 20556 --- [venusApis] [main] c.u.j.EncryptablePropertySourceConverter : Skipping PropertySource configurationProperties [class org.springframework.boot.context.properties.source.ConfigurationPropertySourcesPropertySource
2025-08-20T09:40:04.153+03:00  INFO 20556 --- [venusApis] [main] c.u.j.EncryptablePropertySourceConverter : Skipping PropertySource servletConfigInitParams [class org.springframework.core.env.PropertySource$StubPropertySource
2025-08-20T09:40:04.154+03:00  INFO 20556 --- [venusApis] [main] c.u.j.EncryptablePropertySourceConverter : Skipping PropertySource servletContextInitParams [class org.springframework.core.env.PropertySource$StubPropertySource
2025-08-20T09:40:04.154+03:00  INFO 20556 --- [venusApis] [main] c.u.j.EncryptablePropertySourceConverter : Converting PropertySource systemProperties [org.springframework.core.env.PropertiesPropertySource] to EncryptableMapPropertySourceWrapper
2025-08-20T09:40:04.155+03:00  INFO 20556 --- [venusApis] [main] c.u.j.EncryptablePropertySourceConverter : Converting PropertySource systemEnvironment [org.springframework.boot.env.SystemEnvironmentPropertySourceEnvironmentPostProcessor$OriginAwareSystemEnvironmentPropertySource] to EncryptableSystemEnvironmentPropertySourceWrapper
2025-08-20T09:40:04.155+03:00  INFO 20556 --- [venusApis] [main] c.u.j.EncryptablePropertySourceConverter : Converting PropertySource random [org.springframework.boot.env.RandomValuePropertySource] to EncryptablePropertySourceWrapper
2025-08-20T09:40:04.155+03:00  INFO 20556 --- [venusApis] [main] c.u.j.EncryptablePropertySourceConverter : Converting PropertySource Config resource 'class path resource [application.properties]' via location 'optional:classpath:/' [org.springframework.boot.env.OriginTrackedMapPropertySource] to EncryptableMapPropertySourceWrapper
2025-08-20T09:40:04.155+03:00  INFO 20556 --- [venusApis] [main] c.u.j.EncryptablePropertySourceConverter : Converting PropertySource applicationInfo [org.springframework.boot.ApplicationInfoPropertySource] to EncryptableMapPropertySourceWrapper
2025-08-20T09:40:04.155+03:00  INFO 20556 --- [venusApis] [main] c.u.j.EncryptablePropertySourceConverter : Converting PropertySource class path resource [application.properties] [org.springframework.core.io.support.ResourcePropertySource] to EncryptableMapPropertySourceWrapper
2025-08-20T09:40:04.244+03:00  INFO 20556 --- [venusApis] [main] c.u.j.filter.DefaultLazyPropertyFilter   : Property Filter custom Bean not found with name 'encryptablePropertyFilter'. Initializing Default Property Filter
2025-08-20T09:40:04.252+03:00  INFO 20556 --- [venusApis] [main] c.u.j.r.DefaultLazyPropertyResolver      : Property Resolver custom Bean not found with name 'encryptablePropertyResolver'. Initializing Default Property Resolver
2025-08-20T09:40:04.254+03:00  INFO 20556 --- [venusApis] [main] c.u.j.d.DefaultLazyPropertyDetector      : Property Detector custom Bean not found with name 'encryptablePropertyDetector'. Initializing Default Property Detector
2025-08-20T09:40:04.449+03:00  INFO 20556 --- [venusApis] [main] o.s.b.w.embedded.tomcat.TomcatWebServer  : Tomcat initialized with port 8081 (http)
2025-08-20T09:40:04.463+03:00  INFO 20556 --- [venusApis] [main] o.apache.catalina.core.StandardService   : Starting service [Tomcat]
2025-08-20T09:40:04.463+03:00  INFO 20556 --- [venusApis] [main] o.apache.catalina.core.StandardEngine    : Starting Servlet engine: [Apache Tomcat/10.1.43]
2025-08-20T09:40:04.513+03:00  INFO 20556 --- [venusApis] [main] o.a.c.c.C.[Tomcat].[localhost].[/]       : Initializing Spring embedded WebApplicationContext
2025-08-20T09:40:04.514+03:00  INFO 20556 --- [venusApis] [main] w.s.c.ServletWebServerApplicationContext : Root WebApplicationContext: initialization completed in 1130 ms
2025-08-20T09:40:04.565+03:00  INFO 20556 --- [venusApis] [main] c.u.j.encryptor.DefaultLazyEncryptor     : Found Custom Encryptor Bean org.jasypt.encryption.pbe.PooledPBEStringEncryptor@65cf4d6d with name: encryptorBean
2025-08-20T09:40:04.736+03:00  INFO 20556 --- [venusApis] [main] com.zaxxer.hikari.HikariDataSource       : HikariPool-1 - Starting...
2025-08-20T09:40:06.140+03:00  INFO 20556 --- [venusApis] [main] com.zaxxer.hikari.pool.HikariPool        : HikariPool-1 - Added connection oracle.jdbc.driver.T4CConnection@623e0631
2025-08-20T09:40:06.143+03:00  INFO 20556 --- [venusApis] [main] com.zaxxer.hikari.HikariDataSource       : HikariPool-1 - Start completed.
2025-08-20T09:40:07.039+03:00  WARN 20556 --- [venusApis] [main] r$InitializeUserDetailsManagerConfigurer : Global AuthenticationManager configured with an AuthenticationProvider bean. UserDetailsService beans will not be used by Spring Security for automatically configuring username/password login. Consider removing the AuthenticationProvider bean. Alternatively, consider using the UserDetailsService in a manually instantiated DaoAuthenticationProvider. If the current configuration is intentional, to turn off this warning, increase the logging level of 'org.springframework.security.config.annotation.authentication.configuration.InitializeUserDetailsBeanManagerConfigurer' to ERROR
2025-08-20T09:40:07.163+03:00 DEBUG 20556 --- [venusApis] [main] s.w.s.m.m.a.RequestMappingHandlerMapping : 15 mappings in 'requestMappingHandlerMapping'
2025-08-20T09:40:07.222+03:00 DEBUG 20556 --- [venusApis] [main] o.s.w.s.handler.SimpleUrlHandlerMapping  : Patterns [/webjars/**, /**] in 'resourceHandlerMapping'
2025-08-20T09:40:07.329+03:00 DEBUG 20556 --- [venusApis] [main] s.w.s.m.m.a.RequestMappingHandlerAdapter : ControllerAdvice beans: 0 @ModelAttribute, 0 @InitBinder, 1 RequestBodyAdvice, 1 ResponseBodyAdvice
2025-08-20T09:40:07.365+03:00 DEBUG 20556 --- [venusApis] [main] .m.m.a.ExceptionHandlerExceptionResolver : ControllerAdvice beans: 0 @ExceptionHandler, 1 ResponseBodyAdvice
2025-08-20T09:40:07.452+03:00  INFO 20556 --- [venusApis] [main] o.s.b.w.embedded.tomcat.TomcatWebServer  : Tomcat started on port 8081 (http) with context path '/'
2025-08-20T09:40:07.453+03:00  INFO 20556 --- [venusApis] [main] u.j.c.RefreshScopeRefreshedEventListener : Refreshing cached encryptable property sources on ServletWebServerInitializedEvent
2025-08-20T09:40:07.454+03:00  INFO 20556 --- [venusApis] [main] CachingDelegateEncryptablePropertySource : Property Source systemProperties refreshed
2025-08-20T09:40:07.454+03:00  INFO 20556 --- [venusApis] [main] CachingDelegateEncryptablePropertySource : Property Source systemEnvironment refreshed
2025-08-20T09:40:07.454+03:00  INFO 20556 --- [venusApis] [main] CachingDelegateEncryptablePropertySource : Property Source random refreshed
2025-08-20T09:40:07.454+03:00  INFO 20556 --- [venusApis] [main] CachingDelegateEncryptablePropertySource : Property Source Config resource 'class path resource [application.properties]' via location 'optional:classpath:/' refreshed
2025-08-20T09:40:07.454+03:00  INFO 20556 --- [venusApis] [main] CachingDelegateEncryptablePropertySource : Property Source applicationInfo refreshed
2025-08-20T09:40:07.454+03:00  INFO 20556 --- [venusApis] [main] CachingDelegateEncryptablePropertySource : Property Source class path resource [application.properties] refreshed
2025-08-20T09:40:07.454+03:00  INFO 20556 --- [venusApis] [main] c.u.j.EncryptablePropertySourceConverter : Converting PropertySource server.ports [org.springframework.core.env.MapPropertySource] to EncryptableMapPropertySourceWrapper
2025-08-20T09:40:07.454+03:00  INFO 20556 --- [venusApis] [main] c.u.j.EncryptablePropertySourceConverter : Skipping PropertySource configurationProperties [class org.springframework.boot.context.properties.source.ConfigurationPropertySourcesPropertySource
2025-08-20T09:40:07.454+03:00  INFO 20556 --- [venusApis] [main] c.u.j.EncryptablePropertySourceConverter : Skipping PropertySource servletConfigInitParams [class org.springframework.core.env.PropertySource$StubPropertySource
2025-08-20T09:40:07.454+03:00  INFO 20556 --- [venusApis] [main] c.u.j.EncryptablePropertySourceConverter : Converting PropertySource servletContextInitParams [org.springframework.web.context.support.ServletContextPropertySource] to EncryptableEnumerablePropertySourceWrapper
2025-08-20T09:40:07.466+03:00  INFO 20556 --- [venusApis] [main] c.n.venusApis.VenusApisApplication       : Started VenusApisApplication in 4.63 seconds (process running for 5.218)
2025-08-20T09:40:19.697+03:00  INFO 20556 --- [venusApis] [http-nio-8081-exec-2] o.a.c.c.C.[Tomcat].[localhost].[/]       : Initializing Spring DispatcherServlet 'dispatcherServlet'
2025-08-20T09:40:19.698+03:00  INFO 20556 --- [venusApis] [http-nio-8081-exec-2] o.s.web.servlet.DispatcherServlet        : Initializing Servlet 'dispatcherServlet'
2025-08-20T09:40:19.698+03:00 DEBUG 20556 --- [venusApis] [http-nio-8081-exec-2] o.s.web.servlet.DispatcherServlet        : Detected StandardServletMultipartResolver
2025-08-20T09:40:19.698+03:00 DEBUG 20556 --- [venusApis] [http-nio-8081-exec-2] o.s.web.servlet.DispatcherServlet        : Detected AcceptHeaderLocaleResolver
2025-08-20T09:40:19.698+03:00 DEBUG 20556 --- [venusApis] [http-nio-8081-exec-2] o.s.web.servlet.DispatcherServlet        : Detected FixedThemeResolver
2025-08-20T09:40:19.698+03:00 DEBUG 20556 --- [venusApis] [http-nio-8081-exec-2] o.s.web.servlet.DispatcherServlet        : Detected org.springframework.web.servlet.view.DefaultRequestToViewNameTranslator@7ee12d58
2025-08-20T09:40:19.698+03:00 DEBUG 20556 --- [venusApis] [http-nio-8081-exec-2] o.s.web.servlet.DispatcherServlet        : Detected org.springframework.web.servlet.support.SessionFlashMapManager@4aac81ca
2025-08-20T09:40:19.698+03:00 DEBUG 20556 --- [venusApis] [http-nio-8081-exec-2] o.s.web.servlet.DispatcherServlet        : enableLoggingRequestDetails='false': request parameters and headers will be masked to prevent unsafe logging of potentially sensitive data
2025-08-20T09:40:19.698+03:00  INFO 20556 --- [venusApis] [http-nio-8081-exec-2] o.s.web.servlet.DispatcherServlet        : Completed initialization in 0 ms
2025-08-20T09:40:20.004+03:00 DEBUG 20556 --- [venusApis] [http-nio-8081-exec-1] o.s.web.servlet.DispatcherServlet        : POST "/apis/v2/auth/login", parameters={}
2025-08-20T09:40:20.006+03:00 DEBUG 20556 --- [venusApis] [http-nio-8081-exec-1] s.w.s.m.m.a.RequestMappingHandlerMapping : Mapped to com.neptunesoftware.venusApis.Controller.Auth#login(AuthRequest)
2025-08-20T09:40:20.097+03:00 DEBUG 20556 --- [venusApis] [http-nio-8081-exec-1] m.m.a.RequestResponseBodyMethodProcessor : Read "application/json;charset=UTF-8" to [com.neptunesoftware.venusApis.Models.AuthRequest@2409687e]
2025-08-20T09:40:20.280+03:00 DEBUG 20556 --- [venusApis] [http-nio-8081-exec-1] o.s.w.s.m.m.a.HttpEntityMethodProcessor  : Using 'application/json', given [application/json, text/plain, */*] and supported [application/json, application/*+json]
2025-08-20T09:40:20.280+03:00 DEBUG 20556 --- [venusApis] [http-nio-8081-exec-1] o.s.w.s.m.m.a.HttpEntityMethodProcessor  : Writing [com.neptunesoftware.venusApis.Models.ApiResponse@68543582]
2025-08-20T09:40:20.280+03:00 DEBUG 20556 --- [venusApis] [http-nio-8081-exec-1] o.s.web.servlet.DispatcherServlet        : Completed 200 OK
2025-08-20T09:40:25.247+03:00 DEBUG 20556 --- [venusApis] [http-nio-8081-exec-4] o.s.web.servlet.DispatcherServlet        : POST "/apis/v2/admin/find-sms-alert-currencies", parameters={}
2025-08-20T09:40:25.255+03:00 DEBUG 20556 --- [venusApis] [http-nio-8081-exec-4] s.w.s.m.m.a.RequestMappingHandlerMapping : Mapped to com.neptunesoftware.venusApis.Controller.Admin#findSMSAlertCurrencies(SmsAlertCurrency)
2025-08-20T09:40:25.269+03:00 DEBUG 20556 --- [venusApis] [http-nio-8081-exec-4] m.m.a.RequestResponseBodyMethodProcessor : Read "application/json;charset=UTF-8" to [com.neptunesoftware.venusApis.Models.SmsAlertCurrency@47f80392]
2025-08-20T09:40:25.430+03:00 DEBUG 20556 --- [venusApis] [http-nio-8081-exec-4] o.s.w.s.m.m.a.HttpEntityMethodProcessor  : Using 'application/json', given [application/json, text/plain, */*] and supported [application/json]
2025-08-20T09:40:25.430+03:00 DEBUG 20556 --- [venusApis] [http-nio-8081-exec-4] o.s.w.s.m.m.a.HttpEntityMethodProcessor  : Writing [com.neptunesoftware.venusApis.Models.ApiResponse@6933334c]
2025-08-20T09:40:25.434+03:00 DEBUG 20556 --- [venusApis] [http-nio-8081-exec-4] o.s.web.servlet.DispatcherServlet        : Completed 200 OK
2025-08-20T09:40:27.530+03:00 DEBUG 20556 --- [venusApis] [http-nio-8081-exec-6] o.s.web.servlet.DispatcherServlet        : POST "/apis/v2/auth/find-charge-history", parameters={}
2025-08-20T09:40:27.532+03:00 DEBUG 20556 --- [venusApis] [http-nio-8081-exec-6] o.s.w.s.handler.SimpleUrlHandlerMapping  : Mapped to ResourceHttpRequestHandler [classpath [META-INF/resources/], classpath [resources/], classpath [static/], classpath [public/], ServletContext [/]]
2025-08-20T09:40:27.532+03:00 DEBUG 20556 --- [venusApis] [http-nio-8081-exec-6] o.s.w.s.r.ResourceHttpRequestHandler     : Resource not found
2025-08-20T09:40:27.532+03:00 DEBUG 20556 --- [venusApis] [http-nio-8081-exec-6] .w.s.m.s.DefaultHandlerExceptionResolver : Resolved [org.springframework.web.servlet.resource.NoResourceFoundException: No static resource apis/v2/auth/find-charge-history.]
2025-08-20T09:40:27.532+03:00 DEBUG 20556 --- [venusApis] [http-nio-8081-exec-6] o.s.web.servlet.DispatcherServlet        : Completed 404 NOT_FOUND
2025-08-20T09:40:27.544+03:00 DEBUG 20556 --- [venusApis] [http-nio-8081-exec-6] o.s.web.servlet.DispatcherServlet        : "ERROR" dispatch for POST "/error", parameters={}
2025-08-20T09:40:27.544+03:00 DEBUG 20556 --- [venusApis] [http-nio-8081-exec-6] s.w.s.m.m.a.RequestMappingHandlerMapping : Mapped to org.springframework.boot.autoconfigure.web.servlet.error.BasicErrorController#error(HttpServletRequest)
2025-08-20T09:40:27.544+03:00 DEBUG 20556 --- [venusApis] [http-nio-8081-exec-6] o.s.w.s.m.m.a.HttpEntityMethodProcessor  : Using 'application/json', given [application/json, text/plain, */*] and supported [application/json, application/*+json]
2025-08-20T09:40:27.544+03:00 DEBUG 20556 --- [venusApis] [http-nio-8081-exec-6] o.s.w.s.m.m.a.HttpEntityMethodProcessor  : Writing [{timestamp=Wed Aug 20 09:40:27 EAT 2025, status=404, error=Not Found, path=/apis/v2/auth/find-charge (truncated)...]
2025-08-20T09:40:27.561+03:00 DEBUG 20556 --- [venusApis] [http-nio-8081-exec-6] o.s.web.servlet.DispatcherServlet        : Exiting from "ERROR" dispatch, status 404
2025-08-20T09:40:52.665+03:00 DEBUG 20556 --- [venusApis] [http-nio-8081-exec-9] o.s.web.servlet.DispatcherServlet        : POST "/apis/v2/charges/find-charge-history", parameters={}
2025-08-20T09:40:52.666+03:00 DEBUG 20556 --- [venusApis] [http-nio-8081-exec-9] s.w.s.m.m.a.RequestMappingHandlerMapping : Mapped to com.neptunesoftware.venusApis.Controller.Charges#findChargeHistory(ChargeProcessDTO)
2025-08-20T09:40:52.672+03:00 DEBUG 20556 --- [venusApis] [http-nio-8081-exec-9] m.m.a.RequestResponseBodyMethodProcessor : Read "application/json;charset=UTF-8" to [com.neptunesoftware.venusApis.DTOs.ChargeProcessDTO@5737d245]
2025-08-20T09:40:52.673+03:00 DEBUG 20556 --- [venusApis] [http-nio-8081-exec-9] o.s.w.s.m.m.a.HttpEntityMethodProcessor  : Using 'application/json', given [application/json, text/plain, */*] and supported [application/json]
2025-08-20T09:40:52.673+03:00 DEBUG 20556 --- [venusApis] [http-nio-8081-exec-9] o.s.w.s.m.m.a.HttpEntityMethodProcessor  : Writing [com.neptunesoftware.venusApis.Models.ApiResponse@11f885ff]
2025-08-20T09:40:52.674+03:00 DEBUG 20556 --- [venusApis] [http-nio-8081-exec-9] o.s.web.servlet.DispatcherServlet        : Completed 200 OK
2025-08-20T09:41:30.802+03:00  INFO 20556 --- [venusApis] [SpringApplicationShutdownHook] o.s.b.w.e.tomcat.GracefulShutdown        : Commencing graceful shutdown. Waiting for active requests to complete
2025-08-20T09:41:31.065+03:00  INFO 20556 --- [venusApis] [tomcat-shutdown] o.s.b.w.e.tomcat.GracefulShutdown        : Graceful shutdown complete
2025-08-20T09:41:31.070+03:00  INFO 20556 --- [venusApis] [SpringApplicationShutdownHook] com.zaxxer.hikari.HikariDataSource       : HikariPool-1 - Shutdown initiated...
2025-08-20T09:41:32.131+03:00  INFO 20556 --- [venusApis] [SpringApplicationShutdownHook] com.zaxxer.hikari.HikariDataSource       : HikariPool-1 - Shutdown completed.
